<?xml version="1.0" encoding="UTF-8"?>
<testng-results ignored="0" total="3" passed="3" failed="0" skipped="0">
  <reporter-output>
  </reporter-output>
  <suite started-at="2025-07-25T12:42:29 IST" name="Default suite" finished-at="2025-07-25T12:42:45 IST" duration-ms="16668">
    <groups>
      <group name="Purchase">
        <method signature="SubmitOrderTest.SubmitOrder(java.util.HashMap)[pri:0, instance:rahulshettyacademy.tests.SubmitOrderTest@15de0b3c]" name="SubmitOrder" class="rahulshettyacademy.tests.SubmitOrderTest"/>
      </group> <!-- Purchase -->
    </groups>
    <test started-at="2025-07-25T12:42:29 IST" name="Default test" finished-at="2025-07-25T12:42:45 IST" duration-ms="16668">
      <class name="rahulshettyacademy.tests.SubmitOrderTest">
        <test-method is-config="true" signature="launchApplication()[pri:0, instance:rahulshettyacademy.tests.SubmitOrderTest@15de0b3c]" started-at="2025-07-25T12:42:29 IST" name="launchApplication" finished-at="2025-07-25T12:42:32 IST" duration-ms="3028" status="PASS">
          <reporter-output>
          </reporter-output>
        </test-method> <!-- launchApplication -->
        <test-method signature="SubmitOrder(java.util.HashMap)[pri:0, instance:rahulshettyacademy.tests.SubmitOrderTest@15de0b3c]" started-at="2025-07-25T12:42:32 IST" name="SubmitOrder" data-provider="getData" finished-at="2025-07-25T12:42:36 IST" duration-ms="3323" status="PASS">
          <params>
            <param index="0">
              <value>
                <![CDATA[{password=Rahulshetty@123#, product=ZARA COAT 3, email=jsuhas822@gmail.com}]]>
              </value>
            </param>
          </params>
          <reporter-output>
          </reporter-output>
        </test-method> <!-- SubmitOrder -->
        <test-method is-config="true" signature="tearDown()[pri:0, instance:rahulshettyacademy.tests.SubmitOrderTest@15de0b3c]" started-at="2025-07-25T12:42:36 IST" name="tearDown" finished-at="2025-07-25T12:42:36 IST" duration-ms="246" status="PASS">
          <reporter-output>
          </reporter-output>
        </test-method> <!-- tearDown -->
        <test-method is-config="true" signature="launchApplication()[pri:0, instance:rahulshettyacademy.tests.SubmitOrderTest@15de0b3c]" started-at="2025-07-25T12:42:36 IST" name="launchApplication" finished-at="2025-07-25T12:42:39 IST" duration-ms="2657" status="PASS">
          <reporter-output>
          </reporter-output>
        </test-method> <!-- launchApplication -->
        <test-method signature="SubmitOrder(java.util.HashMap)[pri:0, instance:rahulshettyacademy.tests.SubmitOrderTest@15de0b3c]" started-at="2025-07-25T12:42:39 IST" name="SubmitOrder" data-provider="getData" finished-at="2025-07-25T12:42:42 IST" duration-ms="3214" status="PASS">
          <params>
            <param index="0">
              <value>
                <![CDATA[{password=Rahul@123#, product=ADIDAS ORIGINAL, email=jsuhas747@gmail.com}]]>
              </value>
            </param>
          </params>
          <reporter-output>
          </reporter-output>
        </test-method> <!-- SubmitOrder -->
        <test-method is-config="true" signature="tearDown()[pri:0, instance:rahulshettyacademy.tests.SubmitOrderTest@15de0b3c]" started-at="2025-07-25T12:42:42 IST" name="tearDown" finished-at="2025-07-25T12:42:42 IST" duration-ms="165" status="PASS">
          <reporter-output>
          </reporter-output>
        </test-method> <!-- tearDown -->
        <test-method is-config="true" signature="launchApplication()[pri:0, instance:rahulshettyacademy.tests.SubmitOrderTest@15de0b3c]" started-at="2025-07-25T12:42:42 IST" name="launchApplication" finished-at="2025-07-25T12:42:44 IST" duration-ms="2089" status="PASS">
          <reporter-output>
          </reporter-output>
        </test-method> <!-- launchApplication -->
        <test-method signature="OrderHistoryTest()[pri:0, instance:rahulshettyacademy.tests.SubmitOrderTest@15de0b3c]" started-at="2025-07-25T12:42:44 IST" name="OrderHistoryTest" finished-at="2025-07-25T12:42:45 IST" depends-on-methods="rahulshettyacademy.tests.SubmitOrderTest.SubmitOrder" duration-ms="1224" status="PASS">
          <reporter-output>
          </reporter-output>
        </test-method> <!-- OrderHistoryTest -->
        <test-method is-config="true" signature="tearDown()[pri:0, instance:rahulshettyacademy.tests.SubmitOrderTest@15de0b3c]" started-at="2025-07-25T12:42:45 IST" name="tearDown" finished-at="2025-07-25T12:42:45 IST" duration-ms="168" status="PASS">
          <reporter-output>
          </reporter-output>
        </test-method> <!-- tearDown -->
      </class> <!-- rahulshettyacademy.tests.SubmitOrderTest -->
    </test> <!-- Default test -->
  </suite> <!-- Default suite -->
</testng-results>
